2012/09/11 22:07:40 [error] [exception.CDbException] exception 'CDbException' with message 'Adding a foreign key constraint to an existing table is not supported by SQLite.' in /Users/brunobiasetti/Documents/projects/organizece/ubercasting/release/framework/db/schema/sqlite/CSqliteSchema.php:244
Stack trace:
#0 /Users/brunobiasetti/Documents/projects/organizece/ubercasting/release/framework/db/CDbCommand.php(1362): CSqliteSchema->addForeignKey('agency_user_id_...', 'agency', 'user_id', 'user', 'id', NULL, NULL)
#1 /Users/brunobiasetti/Documents/projects/organizece/ubercasting/release/framework/db/CDbMigration.php(344): CDbCommand->addForeignKey('agency_user_id_...', 'agency', 'user_id', 'user', 'id', NULL, NULL)
#2 /Users/brunobiasetti/Documents/projects/organizece/ubercasting/release/protected/migrations/m120912_010030_add_user_id_fk_to_agency_table.php(7): CDbMigration->addForeignKey('agency_user_id_...', 'agency', 'user_id', 'user', 'id')
#3 /Users/brunobiasetti/Documents/projects/organizece/ubercasting/release/framework/cli/commands/MigrateCommand.php(386): m120912_010030_add_user_id_fk_to_agency_table->up()
#4 /Users/brunobiasetti/Documents/projects/organizece/ubercasting/release/framework/cli/commands/MigrateCommand.php(110): MigrateCommand->migrateUp('m120912_010030_...')
#5 [internal function]: MigrateCommand->actionUp(Array)
#6 /Users/brunobiasetti/Documents/projects/organizece/ubercasting/release/framework/console/CConsoleCommand.php(173): ReflectionMethod->invokeArgs(Object(MigrateCommand), Array)
#7 /Users/brunobiasetti/Documents/projects/organizece/ubercasting/release/framework/console/CConsoleCommandRunner.php(68): CConsoleCommand->run(Array)
#8 /Users/brunobiasetti/Documents/projects/organizece/ubercasting/release/framework/console/CConsoleApplication.php(92): CConsoleCommandRunner->run(Array)
#9 /Users/brunobiasetti/Documents/projects/organizece/ubercasting/release/framework/base/CApplication.php(162): CConsoleApplication->processRequest()
#10 /Users/brunobiasetti/Documents/projects/organizece/ubercasting/release/framework/yiic.php(34): CApplication->run()
#11 /Users/brunobiasetti/Documents/projects/organizece/ubercasting/release/protected/yiic.php(7): require_once('/Users/brunobia...')
#12 /Users/brunobiasetti/Documents/projects/organizece/ubercasting/release/protected/yiic(4): require_once('/Users/brunobia...')
#13 {main}
---
2012/09/11 22:12:27 [error] [exception.CDbException] exception 'CDbException' with message 'Adding a foreign key constraint to an existing table is not supported by SQLite.' in /Users/brunobiasetti/Documents/projects/organizece/ubercasting/release/framework/db/schema/sqlite/CSqliteSchema.php:244
Stack trace:
#0 /Users/brunobiasetti/Documents/projects/organizece/ubercasting/release/framework/db/CDbCommand.php(1362): CSqliteSchema->addForeignKey('agency_user_id_...', 'agency', 'user_id', 'user', 'id', NULL, NULL)
#1 /Users/brunobiasetti/Documents/projects/organizece/ubercasting/release/framework/db/CDbMigration.php(344): CDbCommand->addForeignKey('agency_user_id_...', 'agency', 'user_id', 'user', 'id', NULL, NULL)
#2 /Users/brunobiasetti/Documents/projects/organizece/ubercasting/release/protected/migrations/m120912_010030_add_user_id_fk_to_agency_table.php(7): CDbMigration->addForeignKey('agency_user_id_...', 'agency', 'user_id', 'user', 'id')
#3 /Users/brunobiasetti/Documents/projects/organizece/ubercasting/release/framework/cli/commands/MigrateCommand.php(386): m120912_010030_add_user_id_fk_to_agency_table->up()
#4 /Users/brunobiasetti/Documents/projects/organizece/ubercasting/release/framework/cli/commands/MigrateCommand.php(110): MigrateCommand->migrateUp('m120912_010030_...')
#5 [internal function]: MigrateCommand->actionUp(Array)
#6 /Users/brunobiasetti/Documents/projects/organizece/ubercasting/release/framework/console/CConsoleCommand.php(173): ReflectionMethod->invokeArgs(Object(MigrateCommand), Array)
#7 /Users/brunobiasetti/Documents/projects/organizece/ubercasting/release/framework/console/CConsoleCommandRunner.php(68): CConsoleCommand->run(Array)
#8 /Users/brunobiasetti/Documents/projects/organizece/ubercasting/release/framework/console/CConsoleApplication.php(92): CConsoleCommandRunner->run(Array)
#9 /Users/brunobiasetti/Documents/projects/organizece/ubercasting/release/framework/base/CApplication.php(162): CConsoleApplication->processRequest()
#10 /Users/brunobiasetti/Documents/projects/organizece/ubercasting/release/framework/yiic.php(34): CApplication->run()
#11 /Users/brunobiasetti/Documents/projects/organizece/ubercasting/release/protected/yiic.php(7): require_once('/Users/brunobia...')
#12 /Users/brunobiasetti/Documents/projects/organizece/ubercasting/release/protected/yiic(4): require_once('/Users/brunobia...')
#13 {main}
---
2012/09/11 22:13:30 [error] [exception.CDbException] exception 'CDbException' with message 'Adding a foreign key constraint to an existing table is not supported by SQLite.' in /Users/brunobiasetti/Documents/projects/organizece/ubercasting/release/framework/db/schema/sqlite/CSqliteSchema.php:244
Stack trace:
#0 /Users/brunobiasetti/Documents/projects/organizece/ubercasting/release/framework/db/CDbCommand.php(1362): CSqliteSchema->addForeignKey('agency_user_id_...', 'agency', 'user_id', 'user', 'id', NULL, NULL)
#1 /Users/brunobiasetti/Documents/projects/organizece/ubercasting/release/framework/db/CDbMigration.php(344): CDbCommand->addForeignKey('agency_user_id_...', 'agency', 'user_id', 'user', 'id', NULL, NULL)
#2 /Users/brunobiasetti/Documents/projects/organizece/ubercasting/release/protected/migrations/m120912_010030_add_user_id_fk_to_agency_table.php(7): CDbMigration->addForeignKey('agency_user_id_...', 'agency', 'user_id', 'user', 'id')
#3 /Users/brunobiasetti/Documents/projects/organizece/ubercasting/release/framework/cli/commands/MigrateCommand.php(386): m120912_010030_add_user_id_fk_to_agency_table->up()
#4 /Users/brunobiasetti/Documents/projects/organizece/ubercasting/release/framework/cli/commands/MigrateCommand.php(110): MigrateCommand->migrateUp('m120912_010030_...')
#5 [internal function]: MigrateCommand->actionUp(Array)
#6 /Users/brunobiasetti/Documents/projects/organizece/ubercasting/release/framework/console/CConsoleCommand.php(173): ReflectionMethod->invokeArgs(Object(MigrateCommand), Array)
#7 /Users/brunobiasetti/Documents/projects/organizece/ubercasting/release/framework/console/CConsoleCommandRunner.php(68): CConsoleCommand->run(Array)
#8 /Users/brunobiasetti/Documents/projects/organizece/ubercasting/release/framework/console/CConsoleApplication.php(92): CConsoleCommandRunner->run(Array)
#9 /Users/brunobiasetti/Documents/projects/organizece/ubercasting/release/framework/base/CApplication.php(162): CConsoleApplication->processRequest()
#10 /Users/brunobiasetti/Documents/projects/organizece/ubercasting/release/framework/yiic.php(34): CApplication->run()
#11 /Users/brunobiasetti/Documents/projects/organizece/ubercasting/release/protected/yiic.php(7): require_once('/Users/brunobia...')
#12 /Users/brunobiasetti/Documents/projects/organizece/ubercasting/release/protected/yiic(4): require_once('/Users/brunobia...')
#13 {main}
---
2012/09/11 22:25:45 [error] [php] PDO::__construct(): [2002] No such file or directory (trying to connect via unix:///var/mysql/mysql.sock) (/Users/brunobiasetti/Documents/projects/organizece/ubercasting/release/framework/db/CDbConnection.php:422)
Stack trace:
#0 /Users/brunobiasetti/Documents/projects/organizece/ubercasting/release/framework/db/CDbConnection.php(331): CDbConnection->open()
#1 /Users/brunobiasetti/Documents/projects/organizece/ubercasting/release/framework/db/CDbConnection.php(309): CDbConnection->setActive()
#2 /Users/brunobiasetti/Documents/projects/organizece/ubercasting/release/framework/base/CModule.php(388): CDbConnection->init()
#3 /Users/brunobiasetti/Documents/projects/organizece/ubercasting/release/framework/cli/commands/MigrateCommand.php(443): CConsoleApplication->getComponent()
#4 /Users/brunobiasetti/Documents/projects/organizece/ubercasting/release/framework/cli/commands/MigrateCommand.php(452): MigrateCommand->getDbConnection()
#5 /Users/brunobiasetti/Documents/projects/organizece/ubercasting/release/framework/cli/commands/MigrateCommand.php(483): MigrateCommand->getMigrationHistory()
#6 /Users/brunobiasetti/Documents/projects/organizece/ubercasting/release/framework/cli/commands/MigrateCommand.php(85): MigrateCommand->getNewMigrations()
#7 unknown(0): MigrateCommand->actionUp()
#8 /Users/brunobiasetti/Documents/projects/organizece/ubercasting/release/framework/console/CConsoleCommand.php(173): ReflectionMethod->invokeArgs()
#9 /Users/brunobiasetti/Documents/projects/organizece/ubercasting/release/framework/console/CConsoleCommandRunner.php(68): MigrateCommand->run()
#10 /Users/brunobiasetti/Documents/projects/organizece/ubercasting/release/framework/console/CConsoleApplication.php(92): CConsoleCommandRunner->run()
#11 /Users/brunobiasetti/Documents/projects/organizece/ubercasting/release/framework/base/CApplication.php(162): CConsoleApplication->processRequest()
#12 /Users/brunobiasetti/Documents/projects/organizece/ubercasting/release/framework/yiic.php(34): CConsoleApplication->run()
#13 /Users/brunobiasetti/Documents/projects/organizece/ubercasting/release/protected/yiic.php(7): require_once()
#14 /Users/brunobiasetti/Documents/projects/organizece/ubercasting/release/protected/yiic(4): require_once()

2012/09/11 22:28:22 [error] [php] PDO::__construct(): [2002] No such file or directory (trying to connect via unix:///var/mysql/mysql.sock) (/Users/brunobiasetti/Documents/projects/organizece/ubercasting/release/framework/db/CDbConnection.php:422)
Stack trace:
#0 /Users/brunobiasetti/Documents/projects/organizece/ubercasting/release/framework/db/CDbConnection.php(331): CDbConnection->open()
#1 /Users/brunobiasetti/Documents/projects/organizece/ubercasting/release/framework/db/CDbConnection.php(309): CDbConnection->setActive()
#2 /Users/brunobiasetti/Documents/projects/organizece/ubercasting/release/framework/base/CModule.php(388): CDbConnection->init()
#3 /Users/brunobiasetti/Documents/projects/organizece/ubercasting/release/framework/cli/commands/MigrateCommand.php(443): CConsoleApplication->getComponent()
#4 /Users/brunobiasetti/Documents/projects/organizece/ubercasting/release/framework/cli/commands/MigrateCommand.php(452): MigrateCommand->getDbConnection()
#5 /Users/brunobiasetti/Documents/projects/organizece/ubercasting/release/framework/cli/commands/MigrateCommand.php(483): MigrateCommand->getMigrationHistory()
#6 /Users/brunobiasetti/Documents/projects/organizece/ubercasting/release/framework/cli/commands/MigrateCommand.php(85): MigrateCommand->getNewMigrations()
#7 unknown(0): MigrateCommand->actionUp()
#8 /Users/brunobiasetti/Documents/projects/organizece/ubercasting/release/framework/console/CConsoleCommand.php(173): ReflectionMethod->invokeArgs()
#9 /Users/brunobiasetti/Documents/projects/organizece/ubercasting/release/framework/console/CConsoleCommandRunner.php(68): MigrateCommand->run()
#10 /Users/brunobiasetti/Documents/projects/organizece/ubercasting/release/framework/console/CConsoleApplication.php(92): CConsoleCommandRunner->run()
#11 /Users/brunobiasetti/Documents/projects/organizece/ubercasting/release/framework/base/CApplication.php(162): CConsoleApplication->processRequest()
#12 /Users/brunobiasetti/Documents/projects/organizece/ubercasting/release/framework/yiic.php(34): CConsoleApplication->run()
#13 /Users/brunobiasetti/Documents/projects/organizece/ubercasting/release/protected/yiic.php(7): require_once()
#14 /Users/brunobiasetti/Documents/projects/organizece/ubercasting/release/protected/yiic(4): require_once()

2012/09/11 22:33:50 [error] [php] PDO::__construct(): [2002] No such file or directory (trying to connect via unix:///var/mysql/mysql.sock) (/Users/brunobiasetti/Documents/projects/organizece/ubercasting/release/framework/db/CDbConnection.php:422)
Stack trace:
#0 /Users/brunobiasetti/Documents/projects/organizece/ubercasting/release/framework/db/CDbConnection.php(331): CDbConnection->open()
#1 /Users/brunobiasetti/Documents/projects/organizece/ubercasting/release/framework/db/CDbConnection.php(309): CDbConnection->setActive()
#2 /Users/brunobiasetti/Documents/projects/organizece/ubercasting/release/framework/base/CModule.php(388): CDbConnection->init()
#3 /Users/brunobiasetti/Documents/projects/organizece/ubercasting/release/framework/cli/commands/MigrateCommand.php(443): CConsoleApplication->getComponent()
#4 /Users/brunobiasetti/Documents/projects/organizece/ubercasting/release/framework/cli/commands/MigrateCommand.php(452): MigrateCommand->getDbConnection()
#5 /Users/brunobiasetti/Documents/projects/organizece/ubercasting/release/framework/cli/commands/MigrateCommand.php(483): MigrateCommand->getMigrationHistory()
#6 /Users/brunobiasetti/Documents/projects/organizece/ubercasting/release/framework/cli/commands/MigrateCommand.php(85): MigrateCommand->getNewMigrations()
#7 unknown(0): MigrateCommand->actionUp()
#8 /Users/brunobiasetti/Documents/projects/organizece/ubercasting/release/framework/console/CConsoleCommand.php(173): ReflectionMethod->invokeArgs()
#9 /Users/brunobiasetti/Documents/projects/organizece/ubercasting/release/framework/console/CConsoleCommandRunner.php(68): MigrateCommand->run()
#10 /Users/brunobiasetti/Documents/projects/organizece/ubercasting/release/framework/console/CConsoleApplication.php(92): CConsoleCommandRunner->run()
#11 /Users/brunobiasetti/Documents/projects/organizece/ubercasting/release/framework/base/CApplication.php(162): CConsoleApplication->processRequest()
#12 /Users/brunobiasetti/Documents/projects/organizece/ubercasting/release/framework/yiic.php(34): CConsoleApplication->run()
#13 /Users/brunobiasetti/Documents/projects/organizece/ubercasting/release/protected/yiic.php(7): require_once()
#14 /Users/brunobiasetti/Documents/projects/organizece/ubercasting/release/protected/yiic(4): require_once()

2012/09/11 22:34:43 [error] [system.db.CDbCommand] CDbCommand::fetchAll() failed: SQLSTATE[42S02]: Base table or view not found: 1146 Table 'ubercasting_db.tbl_migration' doesn't exist. The SQL statement executed was: SHOW COLUMNS FROM `tbl_migration`.
